<!DOCTYPE html PUBLIC "-//W3C//DTD XHTML 1.1//EN" "http://www.w3.org/TR/xhtml11/DTD/xhtml11.dtd">
<html xmlns="http://www.w3.org/1999/xhtml">
<head>
<meta http-equiv="content-type" content="text/html; charset=UTF-8"/>
<title>TestNG Report</title>
<style type="text/css">table {margin-bottom:10px;border-collapse:collapse;empty-cells:show}th,td {border:1px solid #009;padding:.25em .5em}th {vertical-align:bottom}td {vertical-align:top}table a {font-weight:bold}.stripe td {background-color: #E6EBF9}.num {text-align:right}.passedodd td {background-color: #3F3}.passedeven td {background-color: #0A0}.skippedodd td {background-color: #DDD}.skippedeven td {background-color: #CCC}.failedodd td,.attn {background-color: #F33}.failedeven td,.stripe .attn {background-color: #D00}.stacktrace {white-space:pre;font-family:monospace}.totop {font-size:85%;text-align:center;border-bottom:2px solid #000}.invisible {display:none}</style>
</head>
<body>
<table>
<tr><th>Test</th><th># Passed</th><th># Skipped</th><th># Failed</th><th>Time (ms)</th><th>Included Groups</th><th>Excluded Groups</th></tr>
<tr><th colspan="7">DemoTest</th></tr>
<tr><td><a href="#t0">Nopackage3</a></td><td class="num">0</td><td class="num">0</td><td class="num attn">1</td><td class="num">2,087,945</td><td></td><td></td></tr>
<tr class="stripe"><td><a href="#t1">Nopackage2</a></td><td class="num">1</td><td class="num">0</td><td class="num">0</td><td class="num">2,144,435</td><td></td><td></td></tr>
<tr><td><a href="#t2">Nopackage1</a></td><td class="num">1</td><td class="num">0</td><td class="num">0</td><td class="num">2,168,274</td><td></td><td></td></tr>
<tr class="stripe"><td><a href="#t3">Nopackage4</a></td><td class="num">1</td><td class="num">0</td><td class="num">0</td><td class="num">2,175,717</td><td></td><td></td></tr>
<tr><td><a href="#t4">Nopackage5</a></td><td class="num">1</td><td class="num">0</td><td class="num">0</td><td class="num">142,960</td><td></td><td></td></tr>
<tr class="stripe"><td><a href="#t5">Nopackage8</a></td><td class="num">1</td><td class="num">0</td><td class="num">0</td><td class="num">84,427</td><td></td><td></td></tr>
<tr><td><a href="#t6">Nopackage7</a></td><td class="num">1</td><td class="num">0</td><td class="num">0</td><td class="num">96,538</td><td></td><td></td></tr>
<tr class="stripe"><td><a href="#t7">Nopackage6</a></td><td class="num">0</td><td class="num">0</td><td class="num attn">1</td><td class="num">144,714</td><td></td><td></td></tr>
<tr><th>Total</th><th class="num">6</th><th class="num">0</th><th class="num attn">2</th><th class="num">9,045,010</th><th colspan="2"></th></tr>
</table>
<table id='summary'><thead><tr><th>Class</th><th>Method</th><th>Start</th><th>Time (ms)</th></tr></thead><tbody><tr><th colspan="4">DemoTest</th></tr></tbody><tbody id="t0"><tr><th colspan="4">Nopackage3 &#8212; failed</th></tr><tr class="failedeven"><td rowspan="1">SeleniumL2Assignment.MySeleniumAssignment2</td><td><a href="#m0">Addmax</a></td><td rowspan="1">1556353292942</td><td rowspan="1">2087050</td></tr></tbody>
<tbody id="t1"><tr><th colspan="4">Nopackage2 &#8212; passed</th></tr><tr class="passedeven"><td rowspan="1">SeleniumL2Assignment.MySeleniumAssignment2</td><td><a href="#m1">Addmax</a></td><td rowspan="1">1556353292942</td><td rowspan="1">2144323</td></tr></tbody>
<tbody id="t2"><tr><th colspan="4">Nopackage1 &#8212; passed</th></tr><tr class="passedeven"><td rowspan="1">SeleniumL2Assignment.MySeleniumAssignment2</td><td><a href="#m2">Addmax</a></td><td rowspan="1">1556353292942</td><td rowspan="1">2168223</td></tr></tbody>
<tbody id="t3"><tr><th colspan="4">Nopackage4 &#8212; passed</th></tr><tr class="passedeven"><td rowspan="1">SeleniumL2Assignment.MySeleniumAssignment2</td><td><a href="#m3">Addmax</a></td><td rowspan="1">1556353292942</td><td rowspan="1">2175232</td></tr></tbody>
<tbody id="t4"><tr><th colspan="4">Nopackage5 &#8212; passed</th></tr><tr class="passedeven"><td rowspan="1">SeleniumL2Assignment.MySeleniumAssignment2</td><td><a href="#m4">Addmax</a></td><td rowspan="1">1556355384068</td><td rowspan="1">142879</td></tr></tbody>
<tbody id="t5"><tr><th colspan="4">Nopackage8 &#8212; passed</th></tr><tr class="passedeven"><td rowspan="1">SeleniumL2Assignment.MySeleniumAssignment2</td><td><a href="#m5">Addmax</a></td><td rowspan="1">1556355469066</td><td rowspan="1">84419</td></tr></tbody>
<tbody id="t6"><tr><th colspan="4">Nopackage7 &#8212; passed</th></tr><tr class="passedeven"><td rowspan="1">SeleniumL2Assignment.MySeleniumAssignment2</td><td><a href="#m6">Addmax</a></td><td rowspan="1">1556355463833</td><td rowspan="1">96532</td></tr></tbody>
<tbody id="t7"><tr><th colspan="4">Nopackage6 &#8212; failed</th></tr><tr class="failedeven"><td rowspan="1">SeleniumL2Assignment.MySeleniumAssignment2</td><td><a href="#m7">Addmax</a></td><td rowspan="1">1556355438102</td><td rowspan="1">144437</td></tr></tbody>
</table>
<h2>Nopackage3</h2><h3 id="m0">SeleniumL2Assignment.MySeleniumAssignment2#Addmax</h3><table class="result"><tr class="param"><th>Parameter #1</th><th>Parameter #2</th><th>Parameter #3</th></tr><tr class="param stripe"><td>ADDMAX58680143</td><td>078200</td><td>6</td></tr><tr><th colspan="3">Exception</th></tr><tr><td colspan="3"><div class="stacktrace">org.openqa.selenium.NoSuchElementException: no such element: Unable to locate element: {&quot;method&quot;:&quot;xpath&quot;,&quot;selector&quot;:&quot;//table[@class=&apos;table table-striped table-bordered&apos;]/tbody/tr[6]/td[4]/a&quot;}
  (Session info: chrome=73.0.3683.103)
  (Driver info: chromedriver=2.43.600210 (68dcf5eebde37173d4027fa8635e332711d2874a),platform=Windows NT 10.0.17134 x86_64) (WARNING: The server did not provide any stacktrace information)
Command duration or timeout: 0 milliseconds
For documentation on this error, please visit: http://seleniumhq.org/exceptions/no_such_element.html
Build info: version: &apos;3.141.5&apos;, revision: &apos;d54ebd709a&apos;, time: &apos;2018-11-06T11:58:41&apos;
System info: host: &apos;DESKTOP-NDGGNQK&apos;, ip: &apos;192.168.1.7&apos;, os.name: &apos;Windows 10&apos;, os.arch: &apos;amd64&apos;, os.version: &apos;10.0&apos;, java.version: &apos;9.0.1&apos;
Driver info: org.openqa.selenium.chrome.ChromeDriver
Capabilities {acceptInsecureCerts: false, acceptSslCerts: false, applicationCacheEnabled: false, browserConnectionEnabled: false, browserName: chrome, chrome: {chromedriverVersion: 2.43.600210 (68dcf5eebde371..., userDataDir: C:\Users\Raju\AppData\Local...}, cssSelectorsEnabled: true, databaseEnabled: false, goog:chromeOptions: {debuggerAddress: localhost:52948}, handlesAlerts: true, hasTouchScreen: false, javascriptEnabled: true, locationContextEnabled: true, mobileEmulationEnabled: false, nativeEvents: true, networkConnectionEnabled: false, pageLoadStrategy: normal, platform: XP, platformName: XP, rotatable: false, setWindowRect: true, takesHeapSnapshot: true, takesScreenshot: true, unexpectedAlertBehaviour: , unhandledPromptBehavior: , version: 73.0.3683.103, webStorageEnabled: true}
Session ID: deed7197b63629e2c0eda0df02bf7c67
*** Element info: {Using=xpath, value=//table[@class=&apos;table table-striped table-bordered&apos;]/tbody/tr[6]/td[4]/a}
	at org.openqa.selenium.remote.ErrorHandler.createThrowable(ErrorHandler.java:214)
	at org.openqa.selenium.remote.ErrorHandler.throwIfResponseFailed(ErrorHandler.java:166)
	at org.openqa.selenium.remote.http.JsonHttpResponseCodec.reconstructValue(JsonHttpResponseCodec.java:40)
	at org.openqa.selenium.remote.http.AbstractHttpResponseCodec.decode(AbstractHttpResponseCodec.java:80)
	at org.openqa.selenium.remote.http.AbstractHttpResponseCodec.decode(AbstractHttpResponseCodec.java:44)
	at org.openqa.selenium.remote.HttpCommandExecutor.execute(HttpCommandExecutor.java:158)
	at org.openqa.selenium.remote.service.DriverCommandExecutor.execute(DriverCommandExecutor.java:83)
	at org.openqa.selenium.remote.RemoteWebDriver.execute(RemoteWebDriver.java:552)
	at org.openqa.selenium.remote.RemoteWebDriver.findElement(RemoteWebDriver.java:323)
	at org.openqa.selenium.remote.RemoteWebDriver.findElementByXPath(RemoteWebDriver.java:428)
	at org.openqa.selenium.By$ByXPath.findElement(By.java:353)
	at org.openqa.selenium.remote.RemoteWebDriver.findElement(RemoteWebDriver.java:315)
	at SeleniumL2Assignment.MySeleniumAssignment2.Addmax(MySeleniumAssignment2.java:66)
	at java.base/java.util.concurrent.FutureTask.run(Unknown Source)
	at java.base/java.util.concurrent.ThreadPoolExecutor.runWorker(Unknown Source)
	at java.base/java.util.concurrent.ThreadPoolExecutor$Worker.run(Unknown Source)
	at java.base/java.lang.Thread.run(Unknown Source)
... Removed 20 stack frames</div></td></tr></table><p class="totop"><a href="#summary">back to summary</a></p>
<h2>Nopackage2</h2><h3 id="m1">SeleniumL2Assignment.MySeleniumAssignment2#Addmax</h3><table class="result"><tr class="param"><th>Parameter #1</th><th>Parameter #2</th><th>Parameter #3</th></tr><tr class="param stripe"><td>ADDMAX58680143</td><td>078200</td><td>3</td></tr></table><p class="totop"><a href="#summary">back to summary</a></p>
<h2>Nopackage1</h2><h3 id="m2">SeleniumL2Assignment.MySeleniumAssignment2#Addmax</h3><table class="result"><tr class="param"><th>Parameter #1</th><th>Parameter #2</th><th>Parameter #3</th></tr><tr class="param stripe"><td>ADDMAX58680143</td><td>078200</td><td>1</td></tr></table><p class="totop"><a href="#summary">back to summary</a></p>
<h2>Nopackage4</h2><h3 id="m3">SeleniumL2Assignment.MySeleniumAssignment2#Addmax</h3><table class="result"><tr class="param"><th>Parameter #1</th><th>Parameter #2</th><th>Parameter #3</th></tr><tr class="param stripe"><td>ADDMAX58680143</td><td>078200</td><td>2</td></tr></table><p class="totop"><a href="#summary">back to summary</a></p>
<h2>Nopackage5</h2><h3 id="m4">SeleniumL2Assignment.MySeleniumAssignment2#Addmax</h3><table class="result"><tr class="param"><th>Parameter #1</th><th>Parameter #2</th><th>Parameter #3</th></tr><tr class="param stripe"><td>ADDMAX86098449</td><td>078200</td><td>4</td></tr></table><p class="totop"><a href="#summary">back to summary</a></p>
<h2>Nopackage8</h2><h3 id="m5">SeleniumL2Assignment.MySeleniumAssignment2#Addmax</h3><table class="result"><tr class="param"><th>Parameter #1</th><th>Parameter #2</th><th>Parameter #3</th></tr><tr class="param stripe"><td>ADDMAX16635946</td><td>078200</td><td>1</td></tr></table><p class="totop"><a href="#summary">back to summary</a></p>
<h2>Nopackage7</h2><h3 id="m6">SeleniumL2Assignment.MySeleniumAssignment2#Addmax</h3><table class="result"><tr class="param"><th>Parameter #1</th><th>Parameter #2</th><th>Parameter #3</th></tr><tr class="param stripe"><td>ADDMAX16635946</td><td>078200</td><td>3</td></tr></table><p class="totop"><a href="#summary">back to summary</a></p>
<h2>Nopackage6</h2><h3 id="m7">SeleniumL2Assignment.MySeleniumAssignment2#Addmax</h3><table class="result"><tr class="param"><th>Parameter #1</th><th>Parameter #2</th><th>Parameter #3</th></tr><tr class="param stripe"><td>ADDMAX86098449</td><td>078200</td><td>1</td></tr><tr><th colspan="3">Exception</th></tr><tr><td colspan="3"><div class="stacktrace">org.openqa.selenium.WebDriverException: chrome not reachable
  (Session info: chrome=73.0.3683.103)
  (Driver info: chromedriver=2.43.600210 (68dcf5eebde37173d4027fa8635e332711d2874a),platform=Windows NT 10.0.17134 x86_64) (WARNING: The server did not provide any stacktrace information)
Command duration or timeout: 0 milliseconds
Build info: version: &apos;3.141.5&apos;, revision: &apos;d54ebd709a&apos;, time: &apos;2018-11-06T11:58:41&apos;
System info: host: &apos;DESKTOP-NDGGNQK&apos;, ip: &apos;192.168.1.7&apos;, os.name: &apos;Windows 10&apos;, os.arch: &apos;amd64&apos;, os.version: &apos;10.0&apos;, java.version: &apos;9.0.1&apos;
Driver info: org.openqa.selenium.chrome.ChromeDriver
Capabilities {acceptInsecureCerts: false, acceptSslCerts: false, applicationCacheEnabled: false, browserConnectionEnabled: false, browserName: chrome, chrome: {chromedriverVersion: 2.43.600210 (68dcf5eebde371..., userDataDir: C:\Users\Raju\AppData\Local...}, cssSelectorsEnabled: true, databaseEnabled: false, goog:chromeOptions: {debuggerAddress: localhost:56690}, handlesAlerts: true, hasTouchScreen: false, javascriptEnabled: true, locationContextEnabled: true, mobileEmulationEnabled: false, nativeEvents: true, networkConnectionEnabled: false, pageLoadStrategy: normal, platform: XP, platformName: XP, rotatable: false, setWindowRect: true, takesHeapSnapshot: true, takesScreenshot: true, unexpectedAlertBehaviour: , unhandledPromptBehavior: , version: 73.0.3683.103, webStorageEnabled: true}
Session ID: dd1fe53090a3500963b83fb3a951a4f5
*** Element info: {Using=xpath, value=//table[@class=&apos;table table-striped table-bordered&apos;]}
	at org.openqa.selenium.remote.ErrorHandler.createThrowable(ErrorHandler.java:214)
	at org.openqa.selenium.remote.ErrorHandler.throwIfResponseFailed(ErrorHandler.java:166)
	at org.openqa.selenium.remote.http.JsonHttpResponseCodec.reconstructValue(JsonHttpResponseCodec.java:40)
	at org.openqa.selenium.remote.http.AbstractHttpResponseCodec.decode(AbstractHttpResponseCodec.java:80)
	at org.openqa.selenium.remote.http.AbstractHttpResponseCodec.decode(AbstractHttpResponseCodec.java:44)
	at org.openqa.selenium.remote.HttpCommandExecutor.execute(HttpCommandExecutor.java:158)
	at org.openqa.selenium.remote.service.DriverCommandExecutor.execute(DriverCommandExecutor.java:83)
	at org.openqa.selenium.remote.RemoteWebDriver.execute(RemoteWebDriver.java:552)
	at org.openqa.selenium.remote.RemoteWebDriver.findElement(RemoteWebDriver.java:323)
	at org.openqa.selenium.remote.RemoteWebDriver.findElementByXPath(RemoteWebDriver.java:428)
	at org.openqa.selenium.By$ByXPath.findElement(By.java:353)
	at org.openqa.selenium.remote.RemoteWebDriver.findElement(RemoteWebDriver.java:315)
	at SeleniumL2Assignment.MySeleniumAssignment2.Addmax(MySeleniumAssignment2.java:49)
	at java.base/java.util.concurrent.FutureTask.run(Unknown Source)
	at java.base/java.util.concurrent.ThreadPoolExecutor.runWorker(Unknown Source)
	at java.base/java.util.concurrent.ThreadPoolExecutor$Worker.run(Unknown Source)
	at java.base/java.lang.Thread.run(Unknown Source)
... Removed 20 stack frames</div></td></tr></table><p class="totop"><a href="#summary">back to summary</a></p>
</body>
</html>
