<?xml version="1.0" encoding="UTF-8"?>
<testng-results ignored="0" total="8" passed="6" failed="2" skipped="0">
  <reporter-output>
  </reporter-output>
  <suite started-at="2019-04-27T08:21:32Z" name="DemoTest" finished-at="2019-04-27T08:59:42Z" duration-ms="2289675">
    <groups>
    </groups>
    <test started-at="2019-04-27T08:21:32Z" name="Nopackage3" finished-at="2019-04-27T08:56:20Z" duration-ms="2087945">
      <class name="SeleniumL2Assignment.MySeleniumAssignment2">
        <test-method signature="Addmax(java.lang.String, java.lang.String, int)[pri:0, instance:SeleniumL2Assignment.MySeleniumAssignment2@6404f418]" started-at="2019-04-27T08:21:32Z" name="Addmax" finished-at="2019-04-27T08:56:19Z" duration-ms="2087050" status="FAIL">
          <params>
            <param index="0">
              <value>
                <![CDATA[ADDMAX58680143]]>
              </value>
            </param>
            <param index="1">
              <value>
                <![CDATA[078200]]>
              </value>
            </param>
            <param index="2">
              <value>
                <![CDATA[6]]>
              </value>
            </param>
          </params>
          <exception class="org.openqa.selenium.NoSuchElementException">
            <message>
              <![CDATA[no such element: Unable to locate element: {"method":"xpath","selector":"//table[@class='table table-striped table-bordered']/tbody/tr[6]/td[4]/a"}
  (Session info: chrome=73.0.3683.103)
  (Driver info: chromedriver=2.43.600210 (68dcf5eebde37173d4027fa8635e332711d2874a),platform=Windows NT 10.0.17134 x86_64) (WARNING: The server did not provide any stacktrace information)
Command duration or timeout: 0 milliseconds
For documentation on this error, please visit: http://seleniumhq.org/exceptions/no_such_element.html
Build info: version: '3.141.5', revision: 'd54ebd709a', time: '2018-11-06T11:58:41'
System info: host: 'DESKTOP-NDGGNQK', ip: '192.168.1.7', os.name: 'Windows 10', os.arch: 'amd64', os.version: '10.0', java.version: '9.0.1'
Driver info: org.openqa.selenium.chrome.ChromeDriver
Capabilities {acceptInsecureCerts: false, acceptSslCerts: false, applicationCacheEnabled: false, browserConnectionEnabled: false, browserName: chrome, chrome: {chromedriverVersion: 2.43.600210 (68dcf5eebde371..., userDataDir: C:\Users\Raju\AppData\Local...}, cssSelectorsEnabled: true, databaseEnabled: false, goog:chromeOptions: {debuggerAddress: localhost:52948}, handlesAlerts: true, hasTouchScreen: false, javascriptEnabled: true, locationContextEnabled: true, mobileEmulationEnabled: false, nativeEvents: true, networkConnectionEnabled: false, pageLoadStrategy: normal, platform: XP, platformName: XP, rotatable: false, setWindowRect: true, takesHeapSnapshot: true, takesScreenshot: true, unexpectedAlertBehaviour: , unhandledPromptBehavior: , version: 73.0.3683.103, webStorageEnabled: true}
Session ID: deed7197b63629e2c0eda0df02bf7c67
*** Element info: {Using=xpath, value=//table[@class='table table-striped table-bordered']/tbody/tr[6]/td[4]/a}]]>
            </message>
            <full-stacktrace>
              <![CDATA[org.openqa.selenium.NoSuchElementException: no such element: Unable to locate element: {"method":"xpath","selector":"//table[@class='table table-striped table-bordered']/tbody/tr[6]/td[4]/a"}
  (Session info: chrome=73.0.3683.103)
  (Driver info: chromedriver=2.43.600210 (68dcf5eebde37173d4027fa8635e332711d2874a),platform=Windows NT 10.0.17134 x86_64) (WARNING: The server did not provide any stacktrace information)
Command duration or timeout: 0 milliseconds
For documentation on this error, please visit: http://seleniumhq.org/exceptions/no_such_element.html
Build info: version: '3.141.5', revision: 'd54ebd709a', time: '2018-11-06T11:58:41'
System info: host: 'DESKTOP-NDGGNQK', ip: '192.168.1.7', os.name: 'Windows 10', os.arch: 'amd64', os.version: '10.0', java.version: '9.0.1'
Driver info: org.openqa.selenium.chrome.ChromeDriver
Capabilities {acceptInsecureCerts: false, acceptSslCerts: false, applicationCacheEnabled: false, browserConnectionEnabled: false, browserName: chrome, chrome: {chromedriverVersion: 2.43.600210 (68dcf5eebde371..., userDataDir: C:\Users\Raju\AppData\Local...}, cssSelectorsEnabled: true, databaseEnabled: false, goog:chromeOptions: {debuggerAddress: localhost:52948}, handlesAlerts: true, hasTouchScreen: false, javascriptEnabled: true, locationContextEnabled: true, mobileEmulationEnabled: false, nativeEvents: true, networkConnectionEnabled: false, pageLoadStrategy: normal, platform: XP, platformName: XP, rotatable: false, setWindowRect: true, takesHeapSnapshot: true, takesScreenshot: true, unexpectedAlertBehaviour: , unhandledPromptBehavior: , version: 73.0.3683.103, webStorageEnabled: true}
Session ID: deed7197b63629e2c0eda0df02bf7c67
*** Element info: {Using=xpath, value=//table[@class='table table-striped table-bordered']/tbody/tr[6]/td[4]/a}
at java.base/jdk.internal.reflect.NativeConstructorAccessorImpl.newInstance0(Native Method)
at java.base/jdk.internal.reflect.NativeConstructorAccessorImpl.newInstance(Unknown Source)
at java.base/jdk.internal.reflect.DelegatingConstructorAccessorImpl.newInstance(Unknown Source)
at java.base/java.lang.reflect.Constructor.newInstance(Unknown Source)
at org.openqa.selenium.remote.ErrorHandler.createThrowable(ErrorHandler.java:214)
at org.openqa.selenium.remote.ErrorHandler.throwIfResponseFailed(ErrorHandler.java:166)
at org.openqa.selenium.remote.http.JsonHttpResponseCodec.reconstructValue(JsonHttpResponseCodec.java:40)
at org.openqa.selenium.remote.http.AbstractHttpResponseCodec.decode(AbstractHttpResponseCodec.java:80)
at org.openqa.selenium.remote.http.AbstractHttpResponseCodec.decode(AbstractHttpResponseCodec.java:44)
at org.openqa.selenium.remote.HttpCommandExecutor.execute(HttpCommandExecutor.java:158)
at org.openqa.selenium.remote.service.DriverCommandExecutor.execute(DriverCommandExecutor.java:83)
at org.openqa.selenium.remote.RemoteWebDriver.execute(RemoteWebDriver.java:552)
at org.openqa.selenium.remote.RemoteWebDriver.findElement(RemoteWebDriver.java:323)
at org.openqa.selenium.remote.RemoteWebDriver.findElementByXPath(RemoteWebDriver.java:428)
at org.openqa.selenium.By$ByXPath.findElement(By.java:353)
at org.openqa.selenium.remote.RemoteWebDriver.findElement(RemoteWebDriver.java:315)
at SeleniumL2Assignment.MySeleniumAssignment2.Addmax(MySeleniumAssignment2.java:66)
at java.base/jdk.internal.reflect.NativeMethodAccessorImpl.invoke0(Native Method)
at java.base/jdk.internal.reflect.NativeMethodAccessorImpl.invoke(Unknown Source)
at java.base/jdk.internal.reflect.DelegatingMethodAccessorImpl.invoke(Unknown Source)
at java.base/java.lang.reflect.Method.invoke(Unknown Source)
at org.testng.internal.MethodInvocationHelper.invokeMethod(MethodInvocationHelper.java:124)
at org.testng.internal.Invoker.invokeMethod(Invoker.java:580)
at org.testng.internal.Invoker.invokeTestMethod(Invoker.java:716)
at org.testng.internal.Invoker.invokeTestMethods(Invoker.java:988)
at org.testng.internal.TestMethodWorker.invokeTestMethods(TestMethodWorker.java:125)
at org.testng.internal.TestMethodWorker.run(TestMethodWorker.java:109)
at org.testng.TestRunner.privateRun(TestRunner.java:648)
at org.testng.TestRunner.run(TestRunner.java:505)
at org.testng.SuiteRunner.runTest(SuiteRunner.java:455)
at org.testng.SuiteRunner.access$000(SuiteRunner.java:40)
at org.testng.SuiteRunner$SuiteWorker.run(SuiteRunner.java:489)
at org.testng.internal.thread.ThreadUtil$1.call(ThreadUtil.java:52)
at java.base/java.util.concurrent.FutureTask.run(Unknown Source)
at java.base/java.util.concurrent.ThreadPoolExecutor.runWorker(Unknown Source)
at java.base/java.util.concurrent.ThreadPoolExecutor$Worker.run(Unknown Source)
at java.base/java.lang.Thread.run(Unknown Source)
]]>
            </full-stacktrace>
          </exception> <!-- org.openqa.selenium.NoSuchElementException -->
          <reporter-output>
          </reporter-output>
        </test-method> <!-- Addmax -->
      </class> <!-- SeleniumL2Assignment.MySeleniumAssignment2 -->
    </test> <!-- Nopackage3 -->
    <test started-at="2019-04-27T08:21:32Z" name="Nopackage2" finished-at="2019-04-27T08:57:17Z" duration-ms="2144435">
      <class name="SeleniumL2Assignment.MySeleniumAssignment2">
        <test-method signature="Addmax(java.lang.String, java.lang.String, int)[pri:0, instance:SeleniumL2Assignment.MySeleniumAssignment2@194bcebf]" started-at="2019-04-27T08:21:32Z" name="Addmax" finished-at="2019-04-27T08:57:17Z" duration-ms="2144323" status="PASS">
          <params>
            <param index="0">
              <value>
                <![CDATA[ADDMAX58680143]]>
              </value>
            </param>
            <param index="1">
              <value>
                <![CDATA[078200]]>
              </value>
            </param>
            <param index="2">
              <value>
                <![CDATA[3]]>
              </value>
            </param>
          </params>
          <reporter-output>
          </reporter-output>
        </test-method> <!-- Addmax -->
      </class> <!-- SeleniumL2Assignment.MySeleniumAssignment2 -->
    </test> <!-- Nopackage2 -->
    <test started-at="2019-04-27T08:21:32Z" name="Nopackage1" finished-at="2019-04-27T08:57:41Z" duration-ms="2168274">
      <class name="SeleniumL2Assignment.MySeleniumAssignment2">
        <test-method signature="Addmax(java.lang.String, java.lang.String, int)[pri:0, instance:SeleniumL2Assignment.MySeleniumAssignment2@6cd28fa7]" started-at="2019-04-27T08:21:32Z" name="Addmax" finished-at="2019-04-27T08:57:41Z" duration-ms="2168223" status="PASS">
          <params>
            <param index="0">
              <value>
                <![CDATA[ADDMAX58680143]]>
              </value>
            </param>
            <param index="1">
              <value>
                <![CDATA[078200]]>
              </value>
            </param>
            <param index="2">
              <value>
                <![CDATA[1]]>
              </value>
            </param>
          </params>
          <reporter-output>
          </reporter-output>
        </test-method> <!-- Addmax -->
      </class> <!-- SeleniumL2Assignment.MySeleniumAssignment2 -->
    </test> <!-- Nopackage1 -->
    <test started-at="2019-04-27T08:21:32Z" name="Nopackage4" finished-at="2019-04-27T08:57:48Z" duration-ms="2175717">
      <class name="SeleniumL2Assignment.MySeleniumAssignment2">
        <test-method signature="Addmax(java.lang.String, java.lang.String, int)[pri:0, instance:SeleniumL2Assignment.MySeleniumAssignment2@2c1b194a]" started-at="2019-04-27T08:21:32Z" name="Addmax" finished-at="2019-04-27T08:57:48Z" duration-ms="2175232" status="PASS">
          <params>
            <param index="0">
              <value>
                <![CDATA[ADDMAX58680143]]>
              </value>
            </param>
            <param index="1">
              <value>
                <![CDATA[078200]]>
              </value>
            </param>
            <param index="2">
              <value>
                <![CDATA[2]]>
              </value>
            </param>
          </params>
          <reporter-output>
          </reporter-output>
        </test-method> <!-- Addmax -->
      </class> <!-- SeleniumL2Assignment.MySeleniumAssignment2 -->
    </test> <!-- Nopackage4 -->
    <test started-at="2019-04-27T08:56:23Z" name="Nopackage5" finished-at="2019-04-27T08:58:46Z" duration-ms="142960">
      <class name="SeleniumL2Assignment.MySeleniumAssignment2">
        <test-method signature="Addmax(java.lang.String, java.lang.String, int)[pri:0, instance:SeleniumL2Assignment.MySeleniumAssignment2@437da279]" started-at="2019-04-27T08:56:24Z" name="Addmax" finished-at="2019-04-27T08:58:46Z" duration-ms="142879" status="PASS">
          <params>
            <param index="0">
              <value>
                <![CDATA[ADDMAX86098449]]>
              </value>
            </param>
            <param index="1">
              <value>
                <![CDATA[078200]]>
              </value>
            </param>
            <param index="2">
              <value>
                <![CDATA[4]]>
              </value>
            </param>
          </params>
          <reporter-output>
          </reporter-output>
        </test-method> <!-- Addmax -->
      </class> <!-- SeleniumL2Assignment.MySeleniumAssignment2 -->
    </test> <!-- Nopackage5 -->
    <test started-at="2019-04-27T08:57:49Z" name="Nopackage8" finished-at="2019-04-27T08:59:13Z" duration-ms="84427">
      <class name="SeleniumL2Assignment.MySeleniumAssignment2">
        <test-method signature="Addmax(java.lang.String, java.lang.String, int)[pri:0, instance:SeleniumL2Assignment.MySeleniumAssignment2@4b8ee4de]" started-at="2019-04-27T08:57:49Z" name="Addmax" finished-at="2019-04-27T08:59:13Z" duration-ms="84419" status="PASS">
          <params>
            <param index="0">
              <value>
                <![CDATA[ADDMAX16635946]]>
              </value>
            </param>
            <param index="1">
              <value>
                <![CDATA[078200]]>
              </value>
            </param>
            <param index="2">
              <value>
                <![CDATA[1]]>
              </value>
            </param>
          </params>
          <reporter-output>
          </reporter-output>
        </test-method> <!-- Addmax -->
      </class> <!-- SeleniumL2Assignment.MySeleniumAssignment2 -->
    </test> <!-- Nopackage8 -->
    <test started-at="2019-04-27T08:57:43Z" name="Nopackage7" finished-at="2019-04-27T08:59:20Z" duration-ms="96538">
      <class name="SeleniumL2Assignment.MySeleniumAssignment2">
        <test-method signature="Addmax(java.lang.String, java.lang.String, int)[pri:0, instance:SeleniumL2Assignment.MySeleniumAssignment2@47e2e487]" started-at="2019-04-27T08:57:43Z" name="Addmax" finished-at="2019-04-27T08:59:20Z" duration-ms="96532" status="PASS">
          <params>
            <param index="0">
              <value>
                <![CDATA[ADDMAX16635946]]>
              </value>
            </param>
            <param index="1">
              <value>
                <![CDATA[078200]]>
              </value>
            </param>
            <param index="2">
              <value>
                <![CDATA[3]]>
              </value>
            </param>
          </params>
          <reporter-output>
          </reporter-output>
        </test-method> <!-- Addmax -->
      </class> <!-- SeleniumL2Assignment.MySeleniumAssignment2 -->
    </test> <!-- Nopackage7 -->
    <test started-at="2019-04-27T08:57:17Z" name="Nopackage6" finished-at="2019-04-27T08:59:42Z" duration-ms="144714">
      <class name="SeleniumL2Assignment.MySeleniumAssignment2">
        <test-method signature="Addmax(java.lang.String, java.lang.String, int)[pri:0, instance:SeleniumL2Assignment.MySeleniumAssignment2@6253c26]" started-at="2019-04-27T08:57:18Z" name="Addmax" finished-at="2019-04-27T08:59:42Z" duration-ms="144437" status="FAIL">
          <params>
            <param index="0">
              <value>
                <![CDATA[ADDMAX86098449]]>
              </value>
            </param>
            <param index="1">
              <value>
                <![CDATA[078200]]>
              </value>
            </param>
            <param index="2">
              <value>
                <![CDATA[1]]>
              </value>
            </param>
          </params>
          <exception class="org.openqa.selenium.WebDriverException">
            <message>
              <![CDATA[chrome not reachable
  (Session info: chrome=73.0.3683.103)
  (Driver info: chromedriver=2.43.600210 (68dcf5eebde37173d4027fa8635e332711d2874a),platform=Windows NT 10.0.17134 x86_64) (WARNING: The server did not provide any stacktrace information)
Command duration or timeout: 0 milliseconds
Build info: version: '3.141.5', revision: 'd54ebd709a', time: '2018-11-06T11:58:41'
System info: host: 'DESKTOP-NDGGNQK', ip: '192.168.1.7', os.name: 'Windows 10', os.arch: 'amd64', os.version: '10.0', java.version: '9.0.1'
Driver info: org.openqa.selenium.chrome.ChromeDriver
Capabilities {acceptInsecureCerts: false, acceptSslCerts: false, applicationCacheEnabled: false, browserConnectionEnabled: false, browserName: chrome, chrome: {chromedriverVersion: 2.43.600210 (68dcf5eebde371..., userDataDir: C:\Users\Raju\AppData\Local...}, cssSelectorsEnabled: true, databaseEnabled: false, goog:chromeOptions: {debuggerAddress: localhost:56690}, handlesAlerts: true, hasTouchScreen: false, javascriptEnabled: true, locationContextEnabled: true, mobileEmulationEnabled: false, nativeEvents: true, networkConnectionEnabled: false, pageLoadStrategy: normal, platform: XP, platformName: XP, rotatable: false, setWindowRect: true, takesHeapSnapshot: true, takesScreenshot: true, unexpectedAlertBehaviour: , unhandledPromptBehavior: , version: 73.0.3683.103, webStorageEnabled: true}
Session ID: dd1fe53090a3500963b83fb3a951a4f5
*** Element info: {Using=xpath, value=//table[@class='table table-striped table-bordered']}]]>
            </message>
            <full-stacktrace>
              <![CDATA[org.openqa.selenium.WebDriverException: chrome not reachable
  (Session info: chrome=73.0.3683.103)
  (Driver info: chromedriver=2.43.600210 (68dcf5eebde37173d4027fa8635e332711d2874a),platform=Windows NT 10.0.17134 x86_64) (WARNING: The server did not provide any stacktrace information)
Command duration or timeout: 0 milliseconds
Build info: version: '3.141.5', revision: 'd54ebd709a', time: '2018-11-06T11:58:41'
System info: host: 'DESKTOP-NDGGNQK', ip: '192.168.1.7', os.name: 'Windows 10', os.arch: 'amd64', os.version: '10.0', java.version: '9.0.1'
Driver info: org.openqa.selenium.chrome.ChromeDriver
Capabilities {acceptInsecureCerts: false, acceptSslCerts: false, applicationCacheEnabled: false, browserConnectionEnabled: false, browserName: chrome, chrome: {chromedriverVersion: 2.43.600210 (68dcf5eebde371..., userDataDir: C:\Users\Raju\AppData\Local...}, cssSelectorsEnabled: true, databaseEnabled: false, goog:chromeOptions: {debuggerAddress: localhost:56690}, handlesAlerts: true, hasTouchScreen: false, javascriptEnabled: true, locationContextEnabled: true, mobileEmulationEnabled: false, nativeEvents: true, networkConnectionEnabled: false, pageLoadStrategy: normal, platform: XP, platformName: XP, rotatable: false, setWindowRect: true, takesHeapSnapshot: true, takesScreenshot: true, unexpectedAlertBehaviour: , unhandledPromptBehavior: , version: 73.0.3683.103, webStorageEnabled: true}
Session ID: dd1fe53090a3500963b83fb3a951a4f5
*** Element info: {Using=xpath, value=//table[@class='table table-striped table-bordered']}
at java.base/jdk.internal.reflect.NativeConstructorAccessorImpl.newInstance0(Native Method)
at java.base/jdk.internal.reflect.NativeConstructorAccessorImpl.newInstance(Unknown Source)
at java.base/jdk.internal.reflect.DelegatingConstructorAccessorImpl.newInstance(Unknown Source)
at java.base/java.lang.reflect.Constructor.newInstance(Unknown Source)
at org.openqa.selenium.remote.ErrorHandler.createThrowable(ErrorHandler.java:214)
at org.openqa.selenium.remote.ErrorHandler.throwIfResponseFailed(ErrorHandler.java:166)
at org.openqa.selenium.remote.http.JsonHttpResponseCodec.reconstructValue(JsonHttpResponseCodec.java:40)
at org.openqa.selenium.remote.http.AbstractHttpResponseCodec.decode(AbstractHttpResponseCodec.java:80)
at org.openqa.selenium.remote.http.AbstractHttpResponseCodec.decode(AbstractHttpResponseCodec.java:44)
at org.openqa.selenium.remote.HttpCommandExecutor.execute(HttpCommandExecutor.java:158)
at org.openqa.selenium.remote.service.DriverCommandExecutor.execute(DriverCommandExecutor.java:83)
at org.openqa.selenium.remote.RemoteWebDriver.execute(RemoteWebDriver.java:552)
at org.openqa.selenium.remote.RemoteWebDriver.findElement(RemoteWebDriver.java:323)
at org.openqa.selenium.remote.RemoteWebDriver.findElementByXPath(RemoteWebDriver.java:428)
at org.openqa.selenium.By$ByXPath.findElement(By.java:353)
at org.openqa.selenium.remote.RemoteWebDriver.findElement(RemoteWebDriver.java:315)
at SeleniumL2Assignment.MySeleniumAssignment2.Addmax(MySeleniumAssignment2.java:49)
at java.base/jdk.internal.reflect.NativeMethodAccessorImpl.invoke0(Native Method)
at java.base/jdk.internal.reflect.NativeMethodAccessorImpl.invoke(Unknown Source)
at java.base/jdk.internal.reflect.DelegatingMethodAccessorImpl.invoke(Unknown Source)
at java.base/java.lang.reflect.Method.invoke(Unknown Source)
at org.testng.internal.MethodInvocationHelper.invokeMethod(MethodInvocationHelper.java:124)
at org.testng.internal.Invoker.invokeMethod(Invoker.java:580)
at org.testng.internal.Invoker.invokeTestMethod(Invoker.java:716)
at org.testng.internal.Invoker.invokeTestMethods(Invoker.java:988)
at org.testng.internal.TestMethodWorker.invokeTestMethods(TestMethodWorker.java:125)
at org.testng.internal.TestMethodWorker.run(TestMethodWorker.java:109)
at org.testng.TestRunner.privateRun(TestRunner.java:648)
at org.testng.TestRunner.run(TestRunner.java:505)
at org.testng.SuiteRunner.runTest(SuiteRunner.java:455)
at org.testng.SuiteRunner.access$000(SuiteRunner.java:40)
at org.testng.SuiteRunner$SuiteWorker.run(SuiteRunner.java:489)
at org.testng.internal.thread.ThreadUtil$1.call(ThreadUtil.java:52)
at java.base/java.util.concurrent.FutureTask.run(Unknown Source)
at java.base/java.util.concurrent.ThreadPoolExecutor.runWorker(Unknown Source)
at java.base/java.util.concurrent.ThreadPoolExecutor$Worker.run(Unknown Source)
at java.base/java.lang.Thread.run(Unknown Source)
]]>
            </full-stacktrace>
          </exception> <!-- org.openqa.selenium.WebDriverException -->
          <reporter-output>
          </reporter-output>
        </test-method> <!-- Addmax -->
      </class> <!-- SeleniumL2Assignment.MySeleniumAssignment2 -->
    </test> <!-- Nopackage6 -->
  </suite> <!-- DemoTest -->
</testng-results>
